02:22:16 **** Incremental Build of configuration Debug for project StopWatch ****
make all 
Building file: ../StopWatch.c
Invoking: AVR Compiler
avr-gcc -Wall -g2 -gstabs -O0 -fpack-struct -fshort-enums -ffunction-sections -fdata-sections -std=gnu99 -funsigned-char -funsigned-bitfields -mmcu=atmega32 -DF_CPU=1000000UL -MMD -MP -MF"StopWatch.d" -MT"StopWatch.o" -c -o "StopWatch.o" "../StopWatch.c"
In file included from ../StopWatch.c:14:
c:/winavr-20100110/lib/gcc/../../avr/include/util/delay.h:90:3: warning: #warning "Compiler optimizations disabled; functions from <util/delay.h> won't work as designed"
Finished building: ../StopWatch.c
 
Building target: StopWatch.elf
Invoking: AVR C Linker
avr-gcc -Wl,-Map,StopWatch.map -mmcu=atmega32 -o "StopWatch.elf"  ./StopWatch.o   
Finished building target: StopWatch.elf
 
Invoking: AVR Create Extended Listing
avr-objdump -h -S StopWatch.elf  >"StopWatch.lss"
Finished building: StopWatch.lss
 
Invoking: Print Size
avr-size --format=avr --mcu=atmega32 StopWatch.elf
AVR Memory Usage
----------------
Device: atmega32

Program:    4324 bytes (13.2% Full)
(.text + .data + .bootloader)

Data:         15 bytes (0.7% Full)
(.data + .bss + .noinit)


Finished building: sizedummy
 
