17:53:45 **** Incremental Build of configuration Debug for project StopWatch_AI ****
make all 
Building file: ../StopWatch_AI.c
Invoking: AVR Compiler
avr-gcc -Wall -g2 -gstabs -O0 -fpack-struct -fshort-enums -ffunction-sections -fdata-sections -std=gnu99 -funsigned-char -funsigned-bitfields -mmcu=atmega32 -DF_CPU=1000000UL -MMD -MP -MF"StopWatch_AI.d" -MT"StopWatch_AI.o" -c -o "StopWatch_AI.o" "../StopWatch_AI.c"
In file included from ../StopWatch_AI.c:106:
c:/winavr-20100110/lib/gcc/../../avr/include/util/delay.h:90:3: warning: #warning "Compiler optimizations disabled; functions from <util/delay.h> won't work as designed"
Finished building: ../StopWatch_AI.c
 
Building target: StopWatch_AI.elf
Invoking: AVR C Linker
avr-gcc -Wl,-Map,StopWatch_AI.map -mmcu=atmega32 -o "StopWatch_AI.elf"  ./StopWatch_AI.o   
Finished building target: StopWatch_AI.elf
 
Invoking: AVR Create Extended Listing
avr-objdump -h -S StopWatch_AI.elf  >"StopWatch_AI.lss"
Finished building: StopWatch_AI.lss
 
Invoking: Print Size
avr-size --format=avr --mcu=atmega32 StopWatch_AI.elf
AVR Memory Usage
----------------
Device: atmega32

Program:     806 bytes (2.5% Full)
(.text + .data + .bootloader)

Data:          4 bytes (0.2% Full)
(.data + .bss + .noinit)


Finished building: sizedummy
 

17:53:46 Build Finished. 0 errors, 1 warnings. (took 623ms)

